#
# A fatal error has been detected by the Java Runtime Environment:
#
#  SIGSEGV (0xb) at pc=0x0000000000000000, pid=14963, tid=0x0000000000020c63
#
# JRE version: OpenJDK Runtime Environment (8.0_462-b08) (build 1.8.0_462-b08)
# Java VM: OpenJDK 64-Bit Server VM (25.462-b08 mixed mode bsd-amd64 compressed oops)
# Problematic frame:
# C  0x0000000000000000
#
# Failed to write core dump. Core dumps have been disabled. To enable core dumping, try "ulimit -c unlimited" before starting Java again
#
# If you would like to submit a bug report, please visit:
#   https://github.com/adoptium/adoptium-support/issues
#

---------------  T H R E A D  ---------------

Current thread is native thread

siginfo: si_signo: 11 (SIGSEGV), si_code: 1 (SEGV_MAPERR), si_addr: 0x0000000000000000

Registers:
RAX=0x0000000137c9e508, RBX=0x00000000000161b0, RCX=0x00007fd408854970, RDX=0xfffffffffffffff0
RSP=0x000000030bc2a9b8, RBP=0x000000030bc2aa60, RSI=0x0000000000000000, RDI=0x00007fd408840000
R8 =0x0000000000000200, R9 =0x0000000137de21a0, R10=0x00007fd3d51dea00, R11=0x0000000000000000
R12=0x00007fd434912240, R13=0x00007fd408840000, R14=0x00007fd434912240, R15=0x0000000000000800
RIP=0x0000000000000000, EFLAGS=0x0000000000000246, ERR=0x0000000000000004
  TRAPNO=0x000000000000000e

Top of Stack: (sp=0x000000030bc2a9b8)
0x000000030bc2a9b8:   0000000137c70639 000000030bc2ac59
0x000000030bc2a9c8:   0000600001471100 00007fd4088481b0
0x000000030bc2a9d8:   0000000137e46000 00007fd4088461b0
0x000000030bc2a9e8:   00000200fdc04ca3 000114ac4757eb75
0x000000030bc2a9f8:   0000000000000800 0000600000000200
0x000000030bc2aa08:   00007fd4088441b0 00007fd408840000
0x000000030bc2aa18:   0000020000000000 00020d5045183818
0x000000030bc2aa28:   000000000000037f f7e57d0ca8cb00b0
0x000000030bc2aa38:   0000000137de21a0 00007fd434912240
0x000000030bc2aa48:   0000000137de2120 00007fd434912240
0x000000030bc2aa58:   0000000137de2150 000000030bc2aa70
0x000000030bc2aa68:   0000000137c802ef 000000030bc2aaa0
0x000000030bc2aa78:   0000000138000f80 0000000137de21a0
0x000000030bc2aa88:   0000000137de21a0 00006000036ed810
0x000000030bc2aa98:   0000000137de2150 000000030bc2ab40
0x000000030bc2aaa8:   0000000137fff714 0007fffb00000100
0x000000030bc2aab8:   0000000800000003 000000030bc2ab00
0x000000030bc2aac8:   00007fd3d51dea00 00007fd3d51dec10
0x000000030bc2aad8:   0000f8a300000200 00007fd434912240
0x000000030bc2aae8:   000000030bc2ab01 000000030bc2ac10
0x000000030bc2aaf8:   00007fd300000200 000000000bc2ab20
0x000000030bc2ab08:   000000030bc2ac90 01020d50ffffffff
0x000000030bc2ab18:   00007fd3d51dea00 00006000036ed810
0x000000030bc2ab28:   00000000ffffffff 0000000000000200
0x000000030bc2ab38:   000060000008e120 000000030bc2abd0
0x000000030bc2ab48:   0000000138119a34 000000030bc2aba0
0x000000030bc2ab58:   000060000008e120 000000030bc2ac90
0x000000030bc2ab68:   000000030bc2ac10 00006000036ed810
0x000000030bc2ab78:   00001fa000000000 00006000036ed810
0x000000030bc2ab88:   0000000000000001 0000600002e8d510
0x000000030bc2ab98:   0000600002e8d518 f7e57d0ca8cb00b0
0x000000030bc2aba8:   00007fd3d51dea00 0000600000385640 

Instructions: (pc=0x0000000000000000)
0xffffffffffffffe0:   

Register to memory mapping:

RAX=0x0000000137c9e508: PlaybackBackend+0x20 in /Users/vova/.gradle/caches/minecraft/net/minecraft/natives/1.8.9/openal.dylib at 0x0000000137c55000
RBX=0x00000000000161b0 is an unknown value
RCX=0x00007fd408854970 is an unknown value
RDX=0xfffffffffffffff0 is an unknown value
RSP=0x000000030bc2a9b8 is an unknown value
RBP=0x000000030bc2aa60 is an unknown value
RSI=0x0000000000000000 is an unknown value
RDI=0x00007fd408840000 is an unknown value
R8 =0x0000000000000200 is an unknown value
R9 =0x0000000137de21a0 is an unknown value
R10=0x00007fd3d51dea00 is an unknown value
R11=0x0000000000000000 is an unknown value
R12=0x00007fd434912240 is an unknown value
R13=0x00007fd408840000 is an unknown value
R14=0x00007fd434912240 is an unknown value
R15=0x0000000000000800 is an unknown value


Stack: [0x000000030bbab000,0x000000030bc2b000],  sp=0x000000030bc2a9b8,  free space=510k

---------------  P R O C E S S  ---------------

VM state:at safepoint (shutting down)

VM Mutex/Monitor currently owned by a thread:  ([mutex/lock_event])
[0x0000600002fc1180] Threads_lock - owner thread: 0x00007fd43406c000

