#
# A fatal error has been detected by the Java Runtime Environment:
#
#  SIGSEGV (0xb) at pc=0x0000000000000000, pid=15194, tid=0x0000000000020b53
#
# JRE version: OpenJDK Runtime Environment (8.0_462-b08) (build 1.8.0_462-b08)
# Java VM: OpenJDK 64-Bit Server VM (25.462-b08 mixed mode bsd-amd64 compressed oops)
# Problematic frame:
# C  0x0000000000000000
#
# Failed to write core dump. Core dumps have been disabled. To enable core dumping, try "ulimit -c unlimited" before starting Java again
#
# If you would like to submit a bug report, please visit:
#   https://github.com/adoptium/adoptium-support/issues
#

---------------  T H R E A D  ---------------

Current thread is native thread

siginfo: si_signo: 11 (SIGSEGV), si_code: 1 (SEGV_MAPERR), si_addr: 0x0000000000000000

Registers:
RAX=0x0000000137ba3508, RBX=0x00000000000161b0, RCX=0x00007fa27002c970, RDX=0xfffffffffffffff0
RSP=0x000000030b92a9b8, RBP=0x000000030b92aa60, RSI=0x0000000000000000, RDI=0x00007fa270018000
R8 =0x0000000000000200, R9 =0x0000000137cdc1a0, R10=0x00007fa24fd0a600, R11=0x0000000000000000
R12=0x00007fa28d07e7f0, R13=0x00007fa270018000, R14=0x00007fa28d07e7f0, R15=0x0000000000000800
RIP=0x0000000000000000, EFLAGS=0x0000000000000246, ERR=0x0000000000000004
  TRAPNO=0x000000000000000e

Top of Stack: (sp=0x000000030b92a9b8)
0x000000030b92a9b8:   0000000137b75639 000000030b92ac59
0x000000030b92a9c8:   000060000207a840 00007fa2700201b0
0x000000030b92a9d8:   0000000137d35000 00007fa27001e1b0
0x000000030b92a9e8:   00000200fdc04ca3 00011517ec239c1a
0x000000030b92a9f8:   0000000000000800 0000600000000200
0x000000030b92aa08:   00007fa27001c1b0 00007fa270018000
0x000000030b92aa18:   0000020000000000 00020dbbe9e3e8bd
0x000000030b92aa28:   000000000000037f 162c3e08403d00c9
0x000000030b92aa38:   0000000137cdc1a0 00007fa28d07e7f0
0x000000030b92aa48:   0000000137cdc120 00007fa28d07e7f0
0x000000030b92aa58:   0000000137cdc150 000000030b92aa70
0x000000030b92aa68:   0000000137b852ef 000000030b92aaa0
0x000000030b92aa78:   0000000137f05f80 0000000137cdc1a0
0x000000030b92aa88:   0000000137cdc1a0 00006000002a1fa0
0x000000030b92aa98:   0000000137cdc150 000000030b92ab40
0x000000030b92aaa8:   0000000137f04714 0000000400000113
0x000000030b92aab8:   0000002400131513 000000030b92ab00
0x000000030b92aac8:   00007fa24fd0a600 00007fa24fd0a810
0x000000030b92aad8:   0000f8a300000200 00007fa28d07e7f0
0x000000030b92aae8:   000000030b92ab01 000000030b92ac10
0x000000030b92aaf8:   00007fa200000200 000000000b92ab20
0x000000030b92ab08:   000000030b92ac90 01020dbcffffffff
0x000000030b92ab18:   00007fa24fd0a600 00006000002a1fa0
0x000000030b92ab28:   00000000ffffffff 0000000000000200
0x000000030b92ab38:   00006000034dab00 000000030b92abd0
0x000000030b92ab48:   000000013801ea34 000000030b92aba0
0x000000030b92ab58:   00006000034dab00 000000030b92ac90
0x000000030b92ab68:   000000030b92ac10 00006000002a1fa0
0x000000030b92ab78:   00001fa000000000 00006000002a1fa0
0x000000030b92ab88:   0000000000000001 0000600001af5f90
0x000000030b92ab98:   0000600001af5f98 162c3e08403d00c9
0x000000030b92aba8:   00007fa24fd0a600 00006000037f8770 

Instructions: (pc=0x0000000000000000)
0xffffffffffffffe0:   

Register to memory mapping:

RAX=0x0000000137ba3508: 