#
# A fatal error has been detected by the Java Runtime Environment:
#
#  SIGSEGV (0xb) at pc=0x0000000000000000, pid=18878, tid=0x000000000001aeef
#
# JRE version: OpenJDK Runtime Environment (8.0_462-b08) (build 1.8.0_462-b08)
# Java VM: OpenJDK 64-Bit Server VM (25.462-b08 mixed mode bsd-amd64 compressed oops)
# Problematic frame:
# C  0x0000000000000000
#
# Failed to write core dump. Core dumps have been disabled. To enable core dumping, try "ulimit -c unlimited" before starting Java again
#
# If you would like to submit a bug report, please visit:
#   https://github.com/adoptium/adoptium-support/issues
#

---------------  T H R E A D  ---------------

Current thread is native thread

siginfo: si_signo: 11 (SIGSEGV), si_code: 1 (SEGV_MAPERR), si_addr: 0x0000000000000000

Registers:
RAX=0x000000013772e508, RBX=0x00000000000161b0, RCX=0x00007fd4e009c970, RDX=0xfffffffffffffff0
RSP=0x000000030a7b49b8, RBP=0x000000030a7b4a60, RSI=0x0000000000000000, RDI=0x00007fd4e0088000
R8 =0x0000000000000200, R9 =0x00000001378591a0, R10=0x00007fd4aca98000, R11=0x0000000000000000
R12=0x00007fd4fa71d600, R13=0x00007fd4e0088000, R14=0x00007fd4fa71d600, R15=0x0000000000000800
RIP=0x0000000000000000, EFLAGS=0x0000000000000246, ERR=0x0000000000000004
  TRAPNO=0x000000000000000e

Top of Stack: (sp=0x000000030a7b49b8)
0x000000030a7b49b8:   0000000137700639 000000030a7b4c59
0x000000030a7b49c8:   00006000026f6980 00007fd4e00901b0
0x000000030a7b49d8:   00000001378bd000 00007fd4e008e1b0
0x000000030a7b49e8:   0000020028316f46 00011fd6aa79527e
0x000000030a7b49f8:   0000000000000800 0000600000000200
0x000000030a7b4a08:   00007fd4e008c1b0 00007fd4e0088000
0x000000030a7b4a18:   0000020000000000 00021b70d2aac1c4
0x000000030a7b4a28:   000000000000037f 7e099596fbd10033
0x000000030a7b4a38:   00000001378591a0 00007fd4fa71d600
0x000000030a7b4a48:   0000000137859120 00007fd4fa71d600
0x000000030a7b4a58:   0000000137859150 000000030a7b4a70
0x000000030a7b4a68:   00000001377102ef 000000030a7b4aa0
0x000000030a7b4a78:   0000000137a90f80 00000001378591a0
0x000000030a7b4a88:   00000001378591a0 000060000042a9f0
0x000000030a7b4a98:   0000000137859150 000000030a7b4b40
0x000000030a7b4aa8:   0000000137a8f714 0000000400000113
0x000000030a7b4ab8:   0000002400131513 000000030a7b4b00
0x000000030a7b4ac8:   00007fd4aca98000 00007fd4aca98210
0x000000030a7b4ad8:   0000fb9a00000200 00007fd4fa71d600
0x000000030a7b4ae8:   000000030a7b4b01 000000030a7b4c10
0x000000030a7b4af8:   00007fd400000200 000000000a7b4b20
0x000000030a7b4b08:   000000030a7b4c90 01021b71ffffffff
0x000000030a7b4b18:   00007fd4aca98000 000060000042a9f0
0x000000030a7b4b28:   00000000ffffffff 0000000000000200
0x000000030a7b4b38:   0000600003243de0 000000030a7b4bd0
0x000000030a7b4b48:   0000000137ba9a34 000000030a7b4ba0
0x000000030a7b4b58:   0000600003243de0 000000030a7b4c90
0x000000030a7b4b68:   000000030a7b4c10 000060000042a9f0
0x000000030a7b4b78:   00001fa000000000 000060000042a9f0
0x000000030a7b4b88:   0000000000000001 0000600001c02110
0x000000030a7b4b98:   0000600001c02118 7e099596fbd10033
0x000000030a7b4ba8:   00007fd4aca98000 0000600003175b80 

Instructions: (pc=0x0000000000000000)
0xffffffffffffffe0:   

Register to memory mapping:

RAX=0x000000013772e508: PlaybackBackend+0x20 in /Users/vova/.gradle/caches/minecraft/net/minecraft/natives/1.8.9/openal.dylib at 0x00000001376e5000
RBX=0x00000000000161b0 is an unknown value
RCX=0x00007fd4e009c970 is an unknown value
RDX=0xfffffffffffffff0 is an unknown value
RSP=0x000000030a7b49b8 is an unknown value
RBP=0x000000030a7b4a60 is an unknown value
RSI=0x0000000000000000 is an unknown value
RDI=0x00007fd4e0088000 is an unknown value
R8 =0x0000000000000200 is an unknown value
R9 =0x00000001378591a0 is an unknown value
R10=0x00007fd4aca98000 is an unknown value
R11=0x0000000000000000 is an unknown value
R12=0x00007fd4fa71d600 is an unknown value
R13=0x00007fd4e0088000 is an unknown value
R14=0x00007fd4fa71d600 is an unknown value
R15=0x0000000000000800 is an unknown value


Stack: [0x000000030a735000,0x000000030a7b5000],  sp=0x000000030a7b49b8,  free space=510k

---------------  P R O C E S S  ---------------

VM state:at safepoint (shutting down)

VM Mutex/Monitor currently owned by a thread:  ([mutex/lock_event])
[0x0000600001d21c80] Threads_lock - owner thread: 0x00007fd4fa86b000

heap address: 0x0000000740000000, size: 2048 MB, Compressed Oops mode: Zero based, Oop shift amount: 3
Narrow klass base: 0x0000000000000000, Narrow klass shift: 3
Compressed class space size: 1073741824 Address: 0x00000007c0000000

Heap:
 PSYoungGen      total 634368K, used 32794K [0x0000000795580000, 0x00000007bee00000, 0x00000007c0000000)
  eden space 588288K, 5% used [0x0000000795580000,0x00000007975869a8,0x00000007b9400000)
  from space 46080K, 0% used [0x00000007bc100000,0x00000007bc100000,0x00000007bee00000)
  to   space 46080K, 0% used [0x00000007b9400000,0x00000007b9400000,0x00000007bc100000)
 ParOldGen       total 101376K, used 70170K [0x0000000740000000, 0x0000000746300000, 0x0000000795580000)
  object space 101376K, 69% used [0x0000000740000000,0x0000000744486b60,0x0000000746300000)
 Metaspace       used 44286K, capacity 44615K, committed 44720K, reserved 1087488K
  class space    used 5923K, capacity 6052K, committed 6064K, reserved 1048576K

Card table byte_map: [0x000000010acb9000,0x000000010b0ba000] byte_map_base: 0x00000001072b9000

Marking Bits: (ParMarkBitMap*) 0x000000010bccf2c8
 Begin Bits: [0x000000011c438000, 0x000000011e438000)
 End Bits:   [0x000000011e438000, 0x0000000120438000)

Polling page: 0x000000010a799000

CodeCache: size=245760Kb used=12678Kb max_used=12878Kb free=233081Kb
 bounds [0x000000010d438000, 0x000000010e0f8000, 0x000000011c438000]
 total_blobs=4343 nmethods=3666 adapters=590
 compilation: enabled

Compilation events (10 events):
Event: 13.887 Thread 0x00007fd4fa889000 nmethod 4360 0x000000010daf9590 code [0x000000010daf9740, 0x000000010daf9dc8]
Event: 13.887 Thread 0x00007fd4fa8ab000 4362       4       sun.net.www.ParseUtil::encodePath (336 bytes)
Event: 13.887 Thread 0x00007fd4fa889000 4361       3       java.util.logging.LogManager::access$100 (4 bytes)
Event: 13.887 Thread 0x00007fd4fa889000 nmethod 4361 0x000000010dbdbad0 code [0x000000010dbdbc20, 0x000000010dbdbd50]
Event: 13.891 Thread 0x00007fd4fa889000 4364       3       java.util.concurrent.ConcurrentHashMap$ValueIterator::next (34 bytes)
Event: 13.892 Thread 0x00007fd4fa889000 nmethod 4364 0x000000010d7e62d0 code [0x000000010d7e6460, 0x000000010d7e6798]
Event: 13.892 Thread 0x00007fd4fa889000 4363       1       org.apache.logging.log4j.spi.AbstractLogger::getName (5 bytes)
Event: 13.892 Thread 0x00007fd4fa889000 nmethod 4363 0x000000010dbbbf50 code [0x000000010dbbc0a0, 0x000000010dbbc1b0]
Event: 13.893 Thread 0x00007fd4fa889000 4365       3       java.lang.String::lastIndexOf (151 bytes)
Event: 13.893 Thread 0x00007fd4fa889000 nmethod 4365 0x000000010d6be650 code [0x000000010d6be800, 0x000000010d6bed50]

GC Heap History (10 events):
Event: 13.515 GC heap before
{Heap before GC invocations=14 (full 4):
 PSYoungGen      total 633344K, used 26468K [0x0000000795580000, 0x00000007bec00000, 0x00000007c0000000)
  eden space 588288K, 0% used [0x0000000795580000,0x0000000795580000,0x00000007b9400000)
  from space 45056K, 58% used [0x00000007bc000000,0x00000007bd9d9170,0x00000007bec00000)
  to   space 45056K, 0% used [0x00000007b9400000,0x00000007b9400000,0x00000007bc000000)
 ParOldGen       total 101376K, used 59903K [0x0000000740000000, 0x0000000746300000, 0x0000000795580000)
  object space 101376K, 59% used [0x0000000740000000,0x0000000743a7feb0,0x0000000746300000)
 Metaspace       used 44218K, capacity 44615K, committed 44720K, reserved 1087488K
  class space    used 5912K, capacity 6052K, committed 6064K, reserved 1048576K
Event: 13.636 GC heap after
Heap after GC invocations=14 (full 4):
 PSYoungGen      total 633344K, used 0K [0x0000000795580000, 0x00000007bec00000, 0x00000007c0000000)
  eden space 588288K, 0% used [0x0000000795580000,0x0000000795580000,0x00000007b9400000)
  from space 45056K, 0% used [0x00000007bc000000,0x00000007bc000000,0x00000007bec00000)
  to   space 45056K, 0% used [0x00000007b9400000,0x00000007b9400000,0x00000007bc000000)
 ParOldGen       total 101376K, used 70529K [0x0000000740000000, 0x0000000746300000, 0x0000000795580000)
  object space 101376K, 69% used [0x0000000740000000,0x00000007444e05d0,0x0000000746300000)
 Metaspace       used 44218K, capacity 44615K, committed 44720K, reserved 1087488K
  class space    used 5912K, capacity 6052K, committed 6064K, reserved 1048576K
}
Event: 13.683 GC heap before
{Heap before GC invocations=15 (full 4):
 PSYoungGen      total 633344K, used 33490K [0x0000000795580000, 0x00000007bec00000, 0x00000007c0000000)
  eden space 588288K, 5% used [0x0000000795580000,0x0000000797634a80,0x00000007b9400000)
  from space 45056K, 0% used [0x00000007bc000000,0x00000007bc000000,0x00000007bec00000)
  to   space 45056K, 0% used [0x00000007b9400000,0x00000007b9400000,0x00000007bc000000)
 ParOldGen       total 101376K, used 70529K [0x0000000740000000, 0x0000000746300000, 0x0000000795580000)
  object space 101376K, 69% used [0x0000000740000000,0x00000007444e05d0,0x0000000746300000)
 Metaspace       used 44230K, capacity 44615K, committed 44720K, reserved 1087488K
  class space    used 5914K, capacity 6052K, committed 6064K, reserved 1048576K
Event: 13.685 GC heap after
Heap after GC invocations=15 (full 4):
 PSYoungGen      total 633344K, used 160K [0x0000000795580000, 0x00000007bee00000, 0x00000007c0000000)
  eden space 588288K, 0% used [0x0000000795580000,0x0000000795580000,0x00000007b9400000)
  from space 45056K, 0% used [0x00000007b9400000,0x00000007b9428000,0x00000007bc000000)
  to   space 46080K, 0% used [0x00000007bc100000,0x00000007bc100000,0x00000007bee00000)
 ParOldGen       total 101376K, used 70529K [0x0000000740000000, 0x0000000746300000, 0x0000000795580000)
  object space 101376K, 69% used [0x0000000740000000,0x00000007444e05d0,0x0000000746300000)
 Metaspace       used 44230K, capacity 44615K, committed 44720K, reserved 1087488K
  class space    used 5914K, capacity 6052K, committed 6064K, reserved 1048576K
}
Event: 13.685 GC heap before
{Heap before GC invocations=16 (full 5):
 PSYoungGen      total 633344K, used 160K [0x0000000795580000, 0x00000007bee00000, 0x00000007c0000000)
  eden space 588288K, 0% used [0x0000000795580000,0x0000000795580000,0x00000007b9400000)
  from space 45056K, 0% used [0x00000007b9400000,0x00000007b9428000,0x00000007bc000000)
  to   space 46080K, 0% used [0x00000007bc100000,0x00000007bc100000,0x00000007bee00000)
 ParOldGen       total 101376K, used 70529K [0x0000000740000000, 0x0000000746300000, 0x0000000795580000)
  object space 101376K, 69% used [0x0000000740000000,0x00000007444e05d0,0x0000000746300000)
 Metaspace       used 44230K, capacity 44615K, committed 44720K, reserved 1087488K
  class space    used 5914K, capacity 6052K, committed 6064K, reserved 1048576K
Event: 13.804 GC heap after
