#
# A fatal error has been detected by the Java Runtime Environment:
#
#  SIGSEGV (0xb) at pc=0x0000000000000000, pid=29597, tid=0x000000000002a0cb
#
# JRE version: OpenJDK Runtime Environment (8.0_462-b08) (build 1.8.0_462-b08)
# Java VM: OpenJDK 64-Bit Server VM (25.462-b08 mixed mode bsd-amd64 compressed oops)
# Problematic frame:
# C  0x0000000000000000
#
# Failed to write core dump. Core dumps have been disabled. To enable core dumping, try "ulimit -c unlimited" before starting Java again
#
# If you would like to submit a bug report, please visit:
#   https://github.com/adoptium/adoptium-support/issues
#

---------------  T H R E A D  ---------------

Current thread is native thread

siginfo: si_signo: 11 (SIGSEGV), si_code: 1 (SEGV_MAPERR), si_addr: 0x0000000000000000

Registers:
RAX=0x00000001377c5508, RBX=0x00000000000161b0, RCX=0x00007f787801c970, RDX=0xfffffffffffffff0
RSP=0x000000030af3c9b8, RBP=0x000000030af3ca60, RSI=0x0000000000000000, RDI=0x00007f7878008000
R8 =0x0000000000000200, R9 =0x00000001379361a0, R10=0x00007f7849e63400, R11=0x0000000000000000
R12=0x00007f788f03a160, R13=0x00007f7878008000, R14=0x00007f788f03a160, R15=0x0000000000000800
RIP=0x0000000000000000, EFLAGS=0x0000000000000246, ERR=0x0000000000000004
  TRAPNO=0x000000000000000e

Top of Stack: (sp=0x000000030af3c9b8)
0x000000030af3c9b8:   0000000137797639 000000030af3cc59
0x000000030af3c9c8:   0000600003a99e00 00007f78780101b0
0x000000030af3c9d8:   00000001379ad000 00007f787800e1b0
0x000000030af3c9e8:   00000200a5ed9ba1 00013a3af0ada2d3
0x000000030af3c9f8:   0000000000000800 0000600000000200
0x000000030af3ca08:   00007f787800c1b0 00007f7878008000
0x000000030af3ca18:   0000020000000000 0002554f969b3e74
0x000000030af3ca28:   000000000000037f 93eaeccc2e42005d
0x000000030af3ca38:   00000001379361a0 00007f788f03a160
0x000000030af3ca48:   0000000137936120 00007f788f03a160
0x000000030af3ca58:   0000000137936150 000000030af3ca70
0x000000030af3ca68:   00000001377a72ef 000000030af3caa0
0x000000030af3ca78:   0000000137b27f80 00000001379361a0
0x000000030af3ca88:   00000001379361a0 000060000186cd10
0x000000030af3ca98:   0000000137936150 000000030af3cb40
0x000000030af3caa8:   0000000137b26714 0000000400000113
0x000000030af3cab8:   0000002400131513 000000030af3cb00
0x000000030af3cac8:   00007f7849e63400 00007f7849e63610
0x000000030af3cad8:   00011b1400000200 00007f788f03a160
0x000000030af3cae8:   000000030af3cb01 000000030af3cc10
0x000000030af3caf8:   00007f7800000200 000000000af3cb20
0x000000030af3cb08:   000000030af3cc90 01025557ffffffff
0x000000030af3cb18:   00007f7849e63400 000060000186cd10
0x000000030af3cb28:   00000000ffffffff 0000000000000200
0x000000030af3cb38:   0000600002e22ce0 000000030af3cbd0
0x000000030af3cb48:   0000000137c40a34 000000030af3cba0
0x000000030af3cb58:   0000600002e22ce0 000000030af3cc90
0x000000030af3cb68:   000000030af3cc10 000060000186cd10
0x000000030af3cb78:   00001fa000000000 000060000186cd10
0x000000030af3cb88:   0000000000000001 0000600000046890
0x000000030af3cb98:   0000600000046898 93eaeccc2e42005d
0x000000030af3cba8:   00007f7849e63400 0000600002d03380 

Instructions: (pc=0x0000000000000000)
0xffffffffffffffe0:   

Register to memory mapping:

RAX=