#
# A fatal error has been detected by the Java Runtime Environment:
#
#  SIGSEGV (0xb) at pc=0x0000000000000000, pid=14811, tid=0x0000000000020ebb
#
# JRE version: OpenJDK Runtime Environment (8.0_462-b08) (build 1.8.0_462-b08)
# Java VM: OpenJDK 64-Bit Server VM (25.462-b08 mixed mode bsd-amd64 compressed oops)
# Problematic frame:
# C  0x0000000000000000
#
# Failed to write core dump. Core dumps have been disabled. To enable core dumping, try "ulimit -c unlimited" before starting Java again
#
# If you would like to submit a bug report, please visit:
#   https://github.com/adoptium/adoptium-support/issues
#

---------------  T H R E A D  ---------------

Current thread is native thread

siginfo: si_signo: 11 (SIGSEGV), si_code: 1 (SEGV_MAPERR), si_addr: 0x0000000000000000

Registers:
RAX=0x0000000135d91508, RBX=0x00000000000161b0, RCX=0x00007f9e11e8c970, RDX=0xfffffffffffffff0
RSP=0x0000000307d489b8, RBP=0x0000000307d48a60, RSI=0x0000000000000000, RDI=0x00007f9e11e78000
R8 =0x0000000000000200, R9 =0x0000000135ef71a0, R10=0x00007f9e2fb78800, R11=0x0000000000000000
R12=0x00007f9e3021caf0, R13=0x00007f9e11e78000, R14=0x00007f9e3021caf0, R15=0x0000000000000800
RIP=0x0000000000000000, EFLAGS=0x0000000000000246, ERR=0x0000000000000004
  TRAPNO=0x000000000000000e

Top of Stack: (sp=0x0000000307d489b8)
0x0000000307d489b8:   0000000135d63639 0000000307d48c59
0x0000000307d489c8:   0000600000ccd480 00007f9e11e801b0
0x0000000307d489d8:   0000000135f59000 00007f9e11e7e1b0
0x0000000307d489e8:   00000200fdc04ca3 0001144fd8db170c
0x0000000307d489f8:   0000000000000800 0000600000000200
0x0000000307d48a08:   00007f9e11e7c1b0 00007f9e11e78000
0x0000000307d48a18:   0000020000000000 00020cf3d69b63af
0x0000000307d48a28:   000000000000037f 5ed907f5d05400a4
0x0000000307d48a38:   0000000135ef71a0 00007f9e3021caf0
0x0000000307d48a48:   0000000135ef7120 00007f9e3021caf0
0x0000000307d48a58:   0000000135ef7150 0000000307d48a70
0x0000000307d48a68:   0000000135d732ef 0000000307d48aa0
0x0000000307d48a78:   00000001360f4f80 0000000135ef71a0
0x0000000307d48a88:   0000000135ef71a0 0000600002e06730
0x0000000307d48a98:   0000000135ef7150 0000000307d48b40
0x0000000307d48aa8:   00000001360f3714 0000000400000113
0x0000000307d48ab8:   0000002400131513 0000000307d48b00
0x0000000307d48ac8:   00007f9e2fb78800 00007f9e2fb78a10
0x0000000307d48ad8:   0000f8a300000200 00007f9e3021caf0
0x0000000307d48ae8:   0000000307d48b01 0000000307d48c10
0x0000000307d48af8:   00007f9d00000200 0000000007d48b20
0x0000000307d48b08:   0000000307d48c90 01020cf4ffffffff
0x0000000307d48b18:   00007f9e2fb78800 0000600002e06730
0x0000000307d48b28:   00000000ffffffff 0000000000000200
0x0000000307d48b38:   0000600001859400 0000000307d48bd0
0x0000000307d48b48:   000000013620da34 0000000307d48ba0
0x0000000307d48b58:   0000600001859400 0000000307d48c90
0x0000000307d48b68:   0000000307d48c10 0000600002e06730
0x0000000307d48b78:   00001fa000000000 0000600002e06730
0x0000000307d48b88:   0000000000000001 000060000362ba10
0x0000000307d48b98:   000060000362ba18 5ed907f5d05400a4
0x0000000307d48ba8:   00007f9e2fb78800 0000600001b1e5f0 

Instructions: (pc=0x0000000000000000)
0xffffffffffffffe0:   

Register to memory mapping:

RAX=0x0000000135d91508: PlaybackBackend+0x20 in /Users/vova/.gradle/caches/minecraft/net/minecraft/natives/1.8.9/openal.dylib at 0x0000000135d48000
RBX=0x00000000000161b0 is an unknown value
RCX=0x00007f9e11e8c970 is an unknown value
RDX=0xfffffffffffffff0 is an unknown value
RSP=0x0000000307d489b8 is an unknown value
RBP=0x0000000307d48a60 is an unknown value
RSI=0x0000000000000000 is an unknown value
RDI=0x00007f9e11e78000 is an unknown value
R8 =0x0000000000000200 is an unknown value
R9 =0x0000000135ef71a0 is an unknown value
R10=0x00007f9e2fb78800 is an unknown value
R11=0x0000000000000000 is an unknown value
R12=0x00007f9e3021caf0 is an unknown value
R13=0x00007f9e11e78000 is an unknown value
R14=0x00007f9e3021caf0 is an unknown value
R15=0x0000000000000800 is an unknown value


Stack: [0x0000000307cc9000,0x0000000307d49000],  sp=0x0000000307d489b8,  free space=510k

---------------  P R O C E S S  ---------------

VM state:at safepoint (shutting down)

VM Mutex/Monitor currently owned by a thread:  ([mutex/lock_event])
[0x0000600003721100] Threads_lock - owner thread: 0x00007f9e2f855800

heap address: 0x0000000740000000, size: 2048 MB, Compressed Oops mode: Zero based, Oop shift amount: 3
Narrow klass base: 0x0000000000000000, Narrow klass shift: 3
Compressed class space size: 1073741824 Address: 0x00000007c0000000

Heap:
 PSYoungGen      total 371200K, used 278365K [0x0000000795580000, 0x00000007bce00000, 0x00000007c0000000)
  eden space 334848K, 76% used [0x0000000795580000,0x00000007a5109958,0x00000007a9c80000)
  from space 36352K, 57% used [0x00000007a9c80000,0x00000007ab0cdcb0,0x00000007ac000000)
  to   space 36352K, 0% used [0x00000007baa80000,0x00000007baa80000,0x00000007bce00000)
 ParOldGen       total 117760K, used 50442K [0x0000000740000000, 0x0000000747300000, 0x0000000795580000)
  object space 117760K, 42% used [0x0000000740000000,0x00000007431428c0,0x0000000747300000)
 Metaspace       used 43291K, capacity 43661K, committed 43944K, reserved 1087488K
  class space    used 5824K, capacity 5951K, committed 6064K, reserved 1048576K

Card table byte_map: [0x00000001097c8000,0x0000000109bc9000] byte_map_base: 0x0000000105dc8000

Marking Bits: (ParMarkBitMap*) 0x000000010a7de2c8
 Begin Bits: [0x000000011af47000, 0x000000011cf47000)
 End Bits:   [0x000000011cf47000, 0x000000011ef47000)

Polling page: 0x00000001092a8000

CodeCache: size=245760Kb used=12899Kb max_used=12899Kb free=232860Kb
 bounds [0x000000010bf47000, 0x000000010cc07000, 0x000000011af47000]
 total_blobs=4267 nmethods=3599 adapters=581
 compilation: enabled

Compilation events (10 events):
Event: 16.951 Thread 0x00007f9e2f898800 nmethod 4189 0x000000010c640510 code [0x000000010c6406a0, 0x000000010c640c68]
Event: 16.952 Thread 0x00007f9e2f898800 4191       3       org.apache.logging.log4j.core.helpers.NameUtil::getSubName (32 bytes)
Event: 16.952 Thread 0x00007f9e2f898800 nmethod 4191 0x000000010c08f790 code [0x000000010c08f920, 0x000000010c08fe98]
Event: 16.952 Thread 0x00007f9e2f898800 4190       1       org.apache.logging.log4j.spi.AbstractLogger::getName (5 bytes)
Event: 16.952 Thread 0x00007f9e2f898800 nmethod 4190 0x000000010c7ce550 code [0x000000010c7ce6a0, 0x000000010c7ce7b0]
Event: 16.953 Thread 0x00007f9e2f898800 4192       3       java.io.OutputStream::write (9 bytes)
Event: 16.953 Thread 0x00007f9e2f898800 nmethod 4192 0x000000010c6400d0 code [0x000000010c640240, 0x000000010c640468]
Event: 16.953 Thread 0x00007f9e2f898800 4193       1       java.util.concurrent.locks.AbstractOwnableSynchronizer::getExclusiveOwnerThread (5 bytes)
Event: 16.953 Thread 0x00007f9e2f898800 nmethod 4193 0x000000010c63fe10 code [0x000000010c63ff60, 0x000000010c640070]
Event: 16.954 Thread 0x00007f9e2f898800 4194       3       sun.security.util.DerOutputStream::putLength (147 bytes)

