#
# A fatal error has been detected by the Java Runtime Environment:
#
#  SIGSEGV (0xb) at pc=0x0000000000000000, pid=15486, tid=0x0000000000020e63
#
# JRE version: OpenJDK Runtime Environment (8.0_462-b08) (build 1.8.0_462-b08)
# Java VM: OpenJDK 64-Bit Server VM (25.462-b08 mixed mode bsd-amd64 compressed oops)
# Problematic frame:
# C  0x0000000000000000
#
# Failed to write core dump. Core dumps have been disabled. To enable core dumping, try "ulimit -c unlimited" before starting Java again
#
# If you would like to submit a bug report, please visit:
#   https://github.com/adoptium/adoptium-support/issues
#

---------------  T H R E A D  ---------------

Current thread is native thread

siginfo: si_signo: 11 (SIGSEGV), si_code: 1 (SEGV_MAPERR), si_addr: 0x0000000000000000

Registers:
RAX=0x0000000137339508, RBX=0x00000000000161b0, RCX=0x00007f821274c970, RDX=0xfffffffffffffff0
RSP=0x000000030a7ec9b8, RBP=0x000000030a7eca60, RSI=0x0000000000000000, RDI=0x00007f8212738000
R8 =0x0000000000000200, R9 =0x00000001375af1a0, R10=0x00007f81ce4b0c00, R11=0x0000000000000000
R12=0x00007f820c7698d0, R13=0x00007f8212738000, R14=0x00007f820c7698d0, R15=0x0000000000000800
RIP=0x0000000000000000, EFLAGS=0x0000000000000246, ERR=0x0000000000000004
  TRAPNO=0x000000000000000e

Top of Stack: (sp=0x000000030a7ec9b8)
0x000000030a7ec9b8:   000000013730b639 000000030a7ecc59
0x000000030a7ec9c8:   00006000020ade00 00007f82127401b0
0x000000030a7ec9d8:   0000000137647000 00007f821273e1b0
0x000000030a7ec9e8:   00000200fdc04ca3 000115d10884f78a
0x000000030a7ec9f8:   0000000000000800 0000600000000200
0x000000030a7eca08:   00007f821273c1b0 00007f8212738000
0x000000030a7eca18:   0000020000000000 00020e750645442d
0x000000030a7eca28:   000000000000037f 12947262f0d800dd
0x000000030a7eca38:   00000001375af1a0 00007f820c7698d0
0x000000030a7eca48:   00000001375af120 00007f820c7698d0
0x000000030a7eca58:   00000001375af150 000000030a7eca70
0x000000030a7eca68:   000000013731b2ef 000000030a7ecaa0
0x000000030a7eca78:   000000013769bf80 00000001375af1a0
0x000000030a7eca88:   00000001375af1a0 0000600000262100
0x000000030a7eca98:   00000001375af150 000000030a7ecb40
0x000000030a7ecaa8:   000000013769a714 0000000400000113
0x000000030a7ecab8:   0000002400131513 000000030a7ecb00
0x000000030a7ecac8:   00007f81ce4b0c00 00007f81ce4b0e10
0x000000030a7ecad8:   0000f8a300000200 00007f820c7698d0
0x000000030a7ecae8:   000000030a7ecb01 000000030a7ecc10
0x000000030a7ecaf8:   00007f8100000200 000000000a7ecb20
0x000000030a7ecb08:   000000030a7ecc90 01020e75ffffffff
0x000000030a7ecb18:   00007f81ce4b0c00 0000600000262100
0x000000030a7ecb28:   00000000ffffffff 0000000000000200
0x000000030a7ecb38:   0000600003404580 000000030a7ecbd0
0x000000030a7ecb48:   00000001377b4a34 000000030a7ecba0
0x000000030a7ecb58:   0000600003404580 000000030a7ecc90
0x000000030a7ecb68:   000000030a7ecc10 0000600000262100
0x000000030a7ecb78:   00001fa000000000 0000600000262100
0x000000030a7ecb88:   0000000000000001 0000600001a3df90
0x000000030a7ecb98:   0000600001a3df98 12947262f0d800dd
0x000000030a7ecba8:   00007f81ce4b0c00 0000600003725460 

Instructions: (pc=0x0000000000000000)
0xffffffffffffffe0:   

Register to memory mapping:

RAX=