#
# A fatal error has been detected by the Java Runtime Environment:
#
#  SIGSEGV (0xb) at pc=0x0000000000000000, pid=10687, tid=0x000000000002a1ef
#
# JRE version: OpenJDK Runtime Environment (8.0_462-b08) (build 1.8.0_462-b08)
# Java VM: OpenJDK 64-Bit Server VM (25.462-b08 mixed mode bsd-amd64 compressed oops)
# Problematic frame:
# C  0x0000000000000000
#
# Failed to write core dump. Core dumps have been disabled. To enable core dumping, try "ulimit -c unlimited" before starting Java again
#
# If you would like to submit a bug report, please visit:
#   https://github.com/adoptium/adoptium-support/issues
#

---------------  T H R E A D  ---------------

Current thread is native thread

siginfo: si_signo: 11 (SIGSEGV), si_code: 1 (SEGV_MAPERR), si_addr: 0x0000000000000000

Registers:
RAX=0x00000001352a5508, RBX=0x00000000000161b0, RCX=0x00007fa3a813c970, RDX=0xfffffffffffffff0
RSP=0x00000003066c49b8, RBP=0x00000003066c4a60, RSI=0x0000000000000000, RDI=0x00007fa3a8128000
R8 =0x0000000000000200, R9 =0x00000001354751a0, R10=0x00007fa354956e00, R11=0x0000000000000000
R12=0x00007fa392727f90, R13=0x00007fa3a8128000, R14=0x00007fa392727f90, R15=0x0000000000000800
RIP=0x0000000000000000, EFLAGS=0x0000000000000246, ERR=0x0000000000000004
  TRAPNO=0x000000000000000e

Top of Stack: (sp=0x00000003066c49b8)
0x00000003066c49b8:   0000000135277639 00000003066c4c59
0x00000003066c49c8:   000060000093fa40 00007fa3a81301b0
0x00000003066c49d8:   00000001354ff000 00007fa3a812e1b0
0x00000003066c49e8:   00000200fdc04ca3 00010addd99d8971
0x00000003066c49f8:   0000000000000800 0000600000000200
0x00000003066c4a08:   00007fa3a812c1b0 00007fa3a8128000
0x00000003066c4a18:   0000020000000000 00020381d75dd614
0x00000003066c4a28:   000000000000037f 42bdbeed3723008a
0x00000003066c4a38:   00000001354751a0 00007fa392727f90
0x00000003066c4a48:   0000000135475120 00007fa392727f90
0x00000003066c4a58:   0000000135475150 00000003066c4a70
0x00000003066c4a68:   00000001352872ef 00000003066c4aa0
0x00000003066c4a78:   0000000135607f80 00000001354751a0
0x00000003066c4a88:   00000001354751a0 0000600002be2d60
0x00000003066c4a98:   0000000135475150 00000003066c4b40
0x00000003066c4aa8:   0000000135606714 0000000400000113
0x00000003066c4ab8:   0000002400131513 00000003066c4b00
0x00000003066c4ac8:   00007fa354956e00 00007fa354957010
0x00000003066c4ad8:   0000f8a300000200 00007fa392727f90
0x00000003066c4ae8:   00000003066c4b01 00000003066c4c10
0x00000003066c4af8:   00007fa300000200 00000000066c4b20
0x00000003066c4b08:   00000003066c4c90 01020382ffffffff
0x00000003066c4b18:   00007fa354956e00 0000600002be2d60
0x00000003066c4b28:   00000000ffffffff 0000000000000200
0x00000003066c4b38:   0000600001d9eba0 00000003066c4bd0
0x00000003066c4b48:   0000000135720a34 00000003066c4ba0
0x00000003066c4b58:   0000600001d9eba0 00000003066c4c90
0x00000003066c4b68:   00000003066c4c10 0000600002be2d60
0x00000003066c4b78:   00001fa000000000 0000600002be2d60
0x00000003066c4b88:   0000000000000001 00006000033eb890
0x00000003066c4b98:   00006000033eb898 42bdbeed3723008a
0x00000003066c4ba8:   00007fa354956e00 0000600001ea7150 

Instructions: (pc=0x0000000000000000)
0xffffffffffffffe0:   

Register to memory mapping:

RAX=